[1] "db_preprocess"
-- Attaching packages --------------------------------------- tidyverse 1.3.1 --
v ggplot2 3.3.5     v purrr   0.3.4
v tibble  3.1.6     v dplyr   1.0.7
v tidyr   1.1.4     v stringr 1.4.0
v readr   2.1.1     v forcats 0.5.1
-- Conflicts ------------------------------------------ tidyverse_conflicts() --
x dplyr::filter() masks stats::filter()
x dplyr::lag()    masks stats::lag()
Loading required package: future

Attaching package: 'data.table'

The following objects are masked from 'package:dplyr':

    between, first, last

The following object is masked from 'package:purrr':

    transpose


Attaching package: 'magrittr'

The following object is masked from 'package:purrr':

    set_names

The following object is masked from 'package:tidyr':

    extract

Registered S3 method overwritten by 'hoardr':
  method           from
  print.cache_info httr

Attaching package: 'dbplyr'

The following objects are masked from 'package:dplyr':

    ident, sql

[1] 2
* start target db
* end pipeline
Error : Fatal error occurred: 101. Command 'sbatch' produced exit code 255. Output: 'sbatch: error: Invalid --time specification'
Error: callr subprocess failed: Fatal error occurred: 101. Command 'sbatch' produced exit code 255. Output: 'sbatch: error: Invalid --time specification'
Visit https://books.ropensci.org/targets/debugging.html for debugging advice.
Backtrace:
    x
 1. \-targets::tar_make_future(workers = opt$ncores)
 2.   \-targets:::callr_outer(...)
 3.     \-base::tryCatch(...)
 4.       \-base:::tryCatchList(expr, classes, parentenv, handlers)
 5.         \-base:::tryCatchOne(expr, names, parentenv, handlers[[1L]])
 6.           \-value[[3L]](cond)
 7.             \-targets::tar_throw_run(...)
Execution halted
