[1] "coverage"
Loading required package: SummarizedExperiment
Loading required package: MatrixGenerics
Loading required package: matrixStats

Attaching package: 'MatrixGenerics'

The following objects are masked from 'package:matrixStats':

    colAlls, colAnyNAs, colAnys, colAvgsPerRowSet, colCollapse,
    colCounts, colCummaxs, colCummins, colCumprods, colCumsums,
    colDiffs, colIQRDiffs, colIQRs, colLogSumExps, colMadDiffs,
    colMads, colMaxs, colMeans2, colMedians, colMins, colOrderStats,
    colProds, colQuantiles, colRanges, colRanks, colSdDiffs, colSds,
    colSums2, colTabulates, colVarDiffs, colVars, colWeightedMads,
    colWeightedMeans, colWeightedMedians, colWeightedSds,
    colWeightedVars, rowAlls, rowAnyNAs, rowAnys, rowAvgsPerColSet,
    rowCollapse, rowCounts, rowCummaxs, rowCummins, rowCumprods,
    rowCumsums, rowDiffs, rowIQRDiffs, rowIQRs, rowLogSumExps,
    rowMadDiffs, rowMads, rowMaxs, rowMeans2, rowMedians, rowMins,
    rowOrderStats, rowProds, rowQuantiles, rowRanges, rowRanks,
    rowSdDiffs, rowSds, rowSums2, rowTabulates, rowVarDiffs, rowVars,
    rowWeightedMads, rowWeightedMeans, rowWeightedMedians,
    rowWeightedSds, rowWeightedVars

Loading required package: GenomicRanges
Loading required package: stats4
Loading required package: BiocGenerics

Attaching package: 'BiocGenerics'

The following objects are masked from 'package:stats':

    IQR, mad, sd, var, xtabs

The following objects are masked from 'package:base':

    anyDuplicated, append, as.data.frame, basename, cbind, colnames,
    dirname, do.call, duplicated, eval, evalq, Filter, Find, get, grep,
    grepl, intersect, is.unsorted, lapply, Map, mapply, match, mget,
    order, paste, pmax, pmax.int, pmin, pmin.int, Position, rank,
    rbind, Reduce, rownames, sapply, setdiff, sort, table, tapply,
    union, unique, unsplit, which.max, which.min

Loading required package: S4Vectors

Attaching package: 'S4Vectors'

The following object is masked from 'package:future':

    values

The following objects are masked from 'package:base':

    expand.grid, I, unname

Loading required package: IRanges

Attaching package: 'IRanges'

The following object is masked from 'package:glue':

    trim

Loading required package: GenomeInfoDb
Loading required package: Biobase
Welcome to Bioconductor

    Vignettes contain introductory material; view with
    'browseVignettes()'. To cite Bioconductor, see
    'citation("Biobase")', and for packages 'citation("pkgname")'.


Attaching package: 'Biobase'

The following object is masked from 'package:MatrixGenerics':

    rowMedians

The following objects are masked from 'package:matrixStats':

    anyMissing, rowMedians

Loading required package: SingleCellExperiment
Loading required package: TreeSummarizedExperiment
Loading required package: Biostrings
Loading required package: XVector

Attaching package: 'Biostrings'

The following object is masked from 'package:base':

    strsplit

Loading required package: MultiAssayExperiment
Registered S3 method overwritten by 'httr':
  method           from  
  print.cache_info hoardr

Attaching package: 'purrr'

The following object is masked from 'package:XVector':

    compact

The following object is masked from 'package:GenomicRanges':

    reduce

The following object is masked from 'package:IRanges':

    reduce

ggtree v3.2.1  For help: https://yulab-smu.top/treedata-book/

If you use ggtree in published research, please cite the most appropriate paper(s):

1. Guangchuang Yu. Using ggtree to visualize data on tree-like structures. Current Protocols in Bioinformatics. 2020, 69:e96. doi:10.1002/cpbi.96
2. Guangchuang Yu, Tommy Tsan-Yuk Lam, Huachen Zhu, Yi Guan. Two methods for mapping and visualizing associated data on phylogeny using ggtree. Molecular Biology and Evolution. 2018, 35(12):3041-3043. doi:10.1093/molbev/msy194
3. Guangchuang Yu, David Smith, Huachen Zhu, Yi Guan, Tommy Tsan-Yuk Lam. ggtree: an R package for visualization and annotation of phylogenetic trees with their covariates and other associated data. Methods in Ecology and Evolution. 2017, 8(1):28-36. doi:10.1111/2041-210X.12628



Attaching package: 'ggtree'

The following object is masked from 'package:Biostrings':

    collapse

The following object is masked from 'package:IRanges':

    collapse

The following object is masked from 'package:S4Vectors':

    expand


Attaching package: 'data.table'

The following object is masked from 'package:purrr':

    transpose

The following object is masked from 'package:SummarizedExperiment':

    shift

The following object is masked from 'package:GenomicRanges':

    shift

The following object is masked from 'package:IRanges':

    shift

The following objects are masked from 'package:S4Vectors':

    first, second


Attaching package: 'phyloseq'

The following object is masked from 'package:SummarizedExperiment':

    distance

The following object is masked from 'package:Biobase':

    sampleNames

The following object is masked from 'package:GenomicRanges':

    distance

The following object is masked from 'package:IRanges':

    distance

snapshotDate(): 2021-10-19
Loading required package: dplyr

Attaching package: 'dplyr'

The following objects are masked from 'package:data.table':

    between, first, last

The following objects are masked from 'package:Biostrings':

    collapse, intersect, setdiff, setequal, union

The following object is masked from 'package:XVector':

    slice

The following object is masked from 'package:Biobase':

    combine

The following objects are masked from 'package:GenomicRanges':

    intersect, setdiff, union

The following object is masked from 'package:GenomeInfoDb':

    intersect

The following objects are masked from 'package:IRanges':

    collapse, desc, intersect, setdiff, slice, union

The following objects are masked from 'package:S4Vectors':

    first, intersect, rename, setdiff, setequal, union

The following objects are masked from 'package:BiocGenerics':

    combine, intersect, setdiff, union

The following object is masked from 'package:matrixStats':

    count

The following objects are masked from 'package:stats':

    filter, lag

The following objects are masked from 'package:base':

    intersect, setdiff, setequal, union


Attaching package: 'magrittr'

The following object is masked from 'package:ggtree':

    inset

The following object is masked from 'package:purrr':

    set_names


Attaching package: 'tidyr'

The following object is masked from 'package:magrittr':

    extract

The following object is masked from 'package:ggtree':

    expand

The following object is masked from 'package:S4Vectors':

    expand


Attaching package: 'dbplyr'

The following objects are masked from 'package:dplyr':

    ident, sql

snapshotDate(): 2021-10-19
see ?HMP16SData and browseVignettes('HMP16SData') for documentation
loading from cache
snapshotDate(): 2021-10-19
see ?HMP16SData and browseVignettes('HMP16SData') for documentation
loading from cache
v skip target load_sets_2_skin.r_retroauricular_crease_gram_stain
v skip target hmp_16s
* start target load_hmp_16s_Oral.Subgingival.Plaque_gram_stain
v skip target load_sets_2_oralcavity.hard_palate_sporulation
* start target load_hmp_16s_Oral.Attached.Keratinized.Gingiva_gram_stain
v skip target load_sets_Oral.Attached.Keratinized.Gingiva_gram_stain
* start target load_hmp_16s_Skin.Right.Antecubital.Fossa_cell_shape
* built target load_hmp_16s_Oral.Subgingival.Plaque_gram_stain
v skip target load_sets_Skin.Right.Antecubital.Fossa_cell_shape
v skip target hmp_wgs
* start target load_hmp_wgs_skin.r_retroauricular_crease_gram_stain
* built target load_hmp_16s_Oral.Attached.Keratinized.Gingiva_gram_stain
* start target load_hmp_wgs_oralcavity.hard_palate_sporulation
* built target load_hmp_16s_Skin.Right.Antecubital.Fossa_cell_shape
* start target hmp_16s_cov_Oral.Attached.Keratinized.Gingiva_gram_stain
x error target load_hmp_wgs_skin.r_retroauricular_crease_gram_stain
* end pipeline
Error : no method or default for coercing "taxonomyTable" to "data.frame"
In addition: There were 20 warnings (use warnings() to see them)
Error: callr subprocess failed: no method or default for coercing "taxonomyTable" to "data.frame"
Visit https://books.ropensci.org/targets/debugging.html for debugging advice.
Backtrace:
    x
 1. \-targets::tar_make_future(workers = opt$ncores)
 2.   \-targets:::callr_outer(...)
 3.     \-base::tryCatch(...)
 4.       \-base:::tryCatchList(expr, classes, parentenv, handlers)
 5.         \-base:::tryCatchOne(expr, names, parentenv, handlers[[1L]])
 6.           \-value[[3L]](cond)
 7.             \-targets::tar_throw_run(...)
Execution halted
